/uufs/chpc.utah.edu/common/home/u1074259/ytopt/experiments/covariance_mk3/tmp_files/7070.c(68): warning #161: unrecognized #pragma
    #pragma scop
            ^

/uufs/chpc.utah.edu/common/home/u1074259/ytopt/experiments/covariance_mk3/tmp_files/7070.c(71): error: unrecognized OpenMP #pragma
      #pragma omp 
              ^

/uufs/chpc.utah.edu/common/home/u1074259/ytopt/experiments/covariance_mk3/tmp_files/7070.c(81): error: unrecognized OpenMP #pragma
      #pragma omp 
              ^

/uufs/chpc.utah.edu/common/home/u1074259/ytopt/experiments/covariance_mk3/tmp_files/7070.c(84): error: schedule clause is incompatible with directive
        #pragma omp target teams distribute  schedule(dynamic, 8)
                                             ^

/uufs/chpc.utah.edu/common/home/u1074259/ytopt/experiments/covariance_mk3/tmp_files/7070.c(91): error: unrecognized OpenMP #pragma
      #pragma omp 
              ^

/uufs/chpc.utah.edu/common/home/u1074259/ytopt/experiments/covariance_mk3/tmp_files/7070.c(94): error: schedule clause is incompatible with directive
        #pragma omp target teams distribute  schedule(dynamic, 8)
                                             ^

/uufs/chpc.utah.edu/common/home/u1074259/ytopt/experiments/covariance_mk3/tmp_files/7070.c(104): warning #161: unrecognized #pragma
    #pragma endscop
            ^

compilation aborted for /uufs/chpc.utah.edu/common/home/u1074259/ytopt/experiments/covariance_mk3/tmp_files/7070.c (code 2)
